TN:
SF:/rustc/becebb3158149a115cad8a402612e25436a7e37b/library/std/src/path.rs
FN:2045,std::path::Path::new
FN:2865,std::path::Path::exists
FN:3137,<std::path::Path as core::convert::AsRef<std::path::Path>>::as_ref
FN:2865,std::path::Path::exists
FN:2045,std::path::Path::new
FN:3137,<std::path::Path as core::convert::AsRef<std::path::Path>>::as_ref
FNDA:0,std::path::Path::new
FNDA:1,std::path::Path::exists
FNDA:0,<std::path::Path as core::convert::AsRef<std::path::Path>>::as_ref
FNDA:0,std::path::Path::exists
FNDA:1,std::path::Path::new
FNDA:1,<std::path::Path as core::convert::AsRef<std::path::Path>>::as_ref
FNF:6
FNH:3
BRF:0
BRH:0
DA:2045,2
DA:2046,2
DA:2047,2
DA:2865,2
DA:2866,2
DA:2867,2
DA:3137,2
DA:3139,2
LF:8
LH:8
end_of_record
SF:/rustc/becebb3158149a115cad8a402612e25436a7e37b/library/alloc/src/collections/btree/navigate.rs
FN:222,alloc::collections::btree::navigate::LazyLeafRange<BorrowType,K,V>::init_front
FN:460,alloc::collections::btree::navigate::<impl alloc::collections::btree::node::Handle<alloc::collections::btree::node::NodeRef<alloc::collections::btree::node::marker::Dying,K,V,alloc::collections::btree::node::marker::Leaf>,alloc::collections::btree::node::marker::Edge>>::deallocating_next
FN:184,alloc::collections::btree::navigate::LazyLeafRange<alloc::collections::btree::node::marker::Dying,K,V>::take_front
FN:214,alloc::collections::btree::navigate::LazyLeafRange<alloc::collections::btree::node::marker::Dying,K,V>::deallocating_end
FN:517,alloc::collections::btree::navigate::<impl alloc::collections::btree::node::Handle<alloc::collections::btree::node::NodeRef<alloc::collections::btree::node::marker::Dying,K,V,alloc::collections::btree::node::marker::Leaf>,alloc::collections::btree::node::marker::Edge>>::deallocating_end
FN:194,alloc::collections::btree::navigate::LazyLeafRange<alloc::collections::btree::node::marker::Dying,K,V>::deallocating_next_unchecked
FN:460,alloc::collections::btree::navigate::<impl alloc::collections::btree::node::Handle<alloc::collections::btree::node::NodeRef<alloc::collections::btree::node::marker::Dying,K,V,alloc::collections::btree::node::marker::Leaf>,alloc::collections::btree::node::marker::Edge>>::deallocating_next
FN:631,alloc::collections::btree::navigate::<impl alloc::collections::btree::node::NodeRef<BorrowType,K,V,alloc::collections::btree::node::marker::LeafOrInternal>>::first_leaf_edge
FN:600,alloc::collections::btree::navigate::<impl alloc::collections::btree::node::Handle<alloc::collections::btree::node::NodeRef<alloc::collections::btree::node::marker::Dying,K,V,alloc::collections::btree::node::marker::Leaf>,alloc::collections::btree::node::marker::Edge>>::deallocating_next_unchecked::{{closure}}
FN:222,alloc::collections::btree::navigate::LazyLeafRange<BorrowType,K,V>::init_front
FN:712,alloc::collections::btree::navigate::<impl alloc::collections::btree::node::Handle<alloc::collections::btree::node::NodeRef<BorrowType,K,V,alloc::collections::btree::node::marker::LeafOrInternal>,alloc::collections::btree::node::marker::KV>>::next_leaf_edge
FN:194,alloc::collections::btree::navigate::LazyLeafRange<alloc::collections::btree::node::marker::Dying,K,V>::deallocating_next_unchecked
FN:184,alloc::collections::btree::navigate::LazyLeafRange<alloc::collections::btree::node::marker::Dying,K,V>::take_front
FN:214,alloc::collections::btree::navigate::LazyLeafRange<alloc::collections::btree::node::marker::Dying,K,V>::deallocating_end
FN:517,alloc::collections::btree::navigate::<impl alloc::collections::btree::node::Handle<alloc::collections::btree::node::NodeRef<alloc::collections::btree::node::marker::Dying,K,V,alloc::collections::btree::node::marker::Leaf>,alloc::collections::btree::node::marker::Edge>>::deallocating_end
FN:600,alloc::collections::btree::navigate::<impl alloc::collections::btree::node::Handle<alloc::collections::btree::node::NodeRef<alloc::collections::btree::node::marker::Dying,K,V,alloc::collections::btree::node::marker::Leaf>,alloc::collections::btree::node::marker::Edge>>::deallocating_next_unchecked::{{closure}}
FN:712,alloc::collections::btree::navigate::<impl alloc::collections::btree::node::Handle<alloc::collections::btree::node::NodeRef<BorrowType,K,V,alloc::collections::btree::node::marker::LeafOrInternal>,alloc::collections::btree::node::marker::KV>>::next_leaf_edge
FN:631,alloc::collections::btree::navigate::<impl alloc::collections::btree::node::NodeRef<BorrowType,K,V,alloc::collections::btree::node::marker::LeafOrInternal>>::first_leaf_edge
FNDA:0,alloc::collections::btree::navigate::LazyLeafRange<BorrowType,K,V>::init_front
FNDA:0,alloc::collections::btree::navigate::<impl alloc::collections::btree::node::Handle<alloc::collections::btree::node::NodeRef<alloc::collections::btree::node::marker::Dying,K,V,alloc::collections::btree::node::marker::Leaf>,alloc::collections::btree::node::marker::Edge>>::deallocating_next
FNDA:0,alloc::collections::btree::navigate::LazyLeafRange<alloc::collections::btree::node::marker::Dying,K,V>::take_front
FNDA:0,alloc::collections::btree::navigate::LazyLeafRange<alloc::collections::btree::node::marker::Dying,K,V>::deallocating_end
FNDA:0,alloc::collections::btree::navigate::<impl alloc::collections::btree::node::Handle<alloc::collections::btree::node::NodeRef<alloc::collections::btree::node::marker::Dying,K,V,alloc::collections::btree::node::marker::Leaf>,alloc::collections::btree::node::marker::Edge>>::deallocating_end
FNDA:0,alloc::collections::btree::navigate::LazyLeafRange<alloc::collections::btree::node::marker::Dying,K,V>::deallocating_next_unchecked
FNDA:0,alloc::collections::btree::navigate::<impl alloc::collections::btree::node::Handle<alloc::collections::btree::node::NodeRef<alloc::collections::btree::node::marker::Dying,K,V,alloc::collections::btree::node::marker::Leaf>,alloc::collections::btree::node::marker::Edge>>::deallocating_next
FNDA:0,alloc::collections::btree::navigate::<impl alloc::collections::btree::node::NodeRef<BorrowType,K,V,alloc::collections::btree::node::marker::LeafOrInternal>>::first_leaf_edge
FNDA:0,alloc::collections::btree::navigate::<impl alloc::collections::btree::node::Handle<alloc::collections::btree::node::NodeRef<alloc::collections::btree::node::marker::Dying,K,V,alloc::collections::btree::node::marker::Leaf>,alloc::collections::btree::node::marker::Edge>>::deallocating_next_unchecked::{{closure}}
FNDA:0,alloc::collections::btree::navigate::LazyLeafRange<BorrowType,K,V>::init_front
FNDA:0,alloc::collections::btree::navigate::<impl alloc::collections::btree::node::Handle<alloc::collections::btree::node::NodeRef<BorrowType,K,V,alloc::collections::btree::node::marker::LeafOrInternal>,alloc::collections::btree::node::marker::KV>>::next_leaf_edge
FNDA:0,alloc::collections::btree::navigate::LazyLeafRange<alloc::collections::btree::node::marker::Dying,K,V>::deallocating_next_unchecked
FNDA:0,alloc::collections::btree::navigate::LazyLeafRange<alloc::collections::btree::node::marker::Dying,K,V>::take_front
FNDA:0,alloc::collections::btree::navigate::LazyLeafRange<alloc::collections::btree::node::marker::Dying,K,V>::deallocating_end
FNDA:0,alloc::collections::btree::navigate::<impl alloc::collections::btree::node::Handle<alloc::collections::btree::node::NodeRef<alloc::collections::btree::node::marker::Dying,K,V,alloc::collections::btree::node::marker::Leaf>,alloc::collections::btree::node::marker::Edge>>::deallocating_end
FNDA:0,alloc::collections::btree::navigate::<impl alloc::collections::btree::node::Handle<alloc::collections::btree::node::NodeRef<alloc::collections::btree::node::marker::Dying,K,V,alloc::collections::btree::node::marker::Leaf>,alloc::collections::btree::node::marker::Edge>>::deallocating_next_unchecked::{{closure}}
FNDA:0,alloc::collections::btree::navigate::<impl alloc::collections::btree::node::Handle<alloc::collections::btree::node::NodeRef<BorrowType,K,V,alloc::collections::btree::node::marker::LeafOrInternal>,alloc::collections::btree::node::marker::KV>>::next_leaf_edge
FNDA:0,alloc::collections::btree::navigate::<impl alloc::collections::btree::node::NodeRef<BorrowType,K,V,alloc::collections::btree::node::marker::LeafOrInternal>>::first_leaf_edge
FNF:18
FNH:0
BRF:0
BRH:0
DA:184,0
DA:187,0
DA:188,0
DA:189,0
DA:191,0
DA:194,0
DA:198,0
DA:199,0
DA:200,0
DA:201,0
DA:214,0
DA:215,0
DA:216,0
DA:218,0
DA:222,0
DA:225,0
DA:226,0
DA:228,0
DA:229,0
DA:230,0
DA:234,0
DA:460,0
DA:465,0
DA:466,0
DA:467,0
DA:468,0
DA:469,0
DA:470,0
DA:471,0
DA:472,0
DA:477,0
DA:517,0
DA:518,0
DA:519,0
DA:520,0
DA:522,0
DA:524,0
DA:600,0
DA:601,0
DA:602,0
DA:631,0
DA:632,0
DA:633,0
DA:634,0
DA:635,0
DA:636,0
DA:639,0
DA:712,0
DA:713,0
DA:714,0
DA:715,0
DA:717,0
DA:718,0
DA:720,0
LF:54
LH:0
end_of_record
SF:/rustc/becebb3158149a115cad8a402612e25436a7e37b/library/std/src/process.rs
FN:736,std::process::Command::args
FN:691,std::process::Command::arg
FN:2410,<() as std::process::Termination>::report
FN:691,std::process::Command::arg
FN:629,std::process::Command::new
FN:2410,<() as std::process::Termination>::report
FN:736,std::process::Command::args
FN:629,std::process::Command::new
FNDA:0,std::process::Command::args
FNDA:0,std::process::Command::arg
FNDA:1,<() as std::process::Termination>::report
FNDA:0,std::process::Command::arg
FNDA:0,std::process::Command::new
FNDA:1,<() as std::process::Termination>::report
FNDA:0,std::process::Command::args
FNDA:0,std::process::Command::new
FNF:8
FNH:2
BRF:0
BRH:0
DA:629,0
DA:630,0
DA:631,0
DA:691,0
DA:692,0
DA:694,0
DA:736,0
DA:741,0
DA:742,0
DA:743,0
DA:745,0
DA:2410,8
DA:2412,8
LF:13
LH:2
end_of_record
SF:/rustc/becebb3158149a115cad8a402612e25436a7e37b/library/core/src/fmt/num.rs
FN:189,core::fmt::num::<impl core::fmt::Debug for usize>::fmt
FNDA:0,core::fmt::num::<impl core::fmt::Debug for usize>::fmt
FNF:1
FNH:0
BRF:0
BRH:0
DA:189,0
DA:190,0
DA:191,0
DA:192,0
DA:193,0
DA:195,0
DA:197,0
LF:7
LH:0
end_of_record
SF:/rustc/becebb3158149a115cad8a402612e25436a7e37b/library/alloc/src/vec/spec_from_iter_nested.rs
FN:20,<alloc::vec::Vec<T> as alloc::vec::spec_from_iter_nested::SpecFromIterNested<T,I>>::from_iter
FNDA:0,<alloc::vec::Vec<T> as alloc::vec::spec_from_iter_nested::SpecFromIterNested<T,I>>::from_iter
FNF:1
FNH:0
BRF:0
BRH:0
DA:20,0
DA:26,0
DA:28,0
DA:29,0
DA:35,0
DA:36,0
DA:38,0
DA:39,0
DA:43,0
DA:44,0
DA:45,0
LF:11
LH:0
end_of_record
SF:/rustc/becebb3158149a115cad8a402612e25436a7e37b/library/alloc/src/ffi/c_str.rs
FN:703,<alloc::ffi::c_str::CString as core::ops::drop::Drop>::drop
FN:703,<alloc::ffi::c_str::CString as core::ops::drop::Drop>::drop
FNDA:0,<alloc::ffi::c_str::CString as core::ops::drop::Drop>::drop
FNDA:0,<alloc::ffi::c_str::CString as core::ops::drop::Drop>::drop
FNF:2
FNH:0
BRF:0
BRH:0
DA:703,0
DA:705,0
DA:707,0
LF:3
LH:0
end_of_record
SF:/rustc/becebb3158149a115cad8a402612e25436a7e37b/library/alloc/src/slice.rs
FN:161,<T as alloc::slice::hack::ConvertVec>::to_vec
FNDA:0,<T as alloc::slice::hack::ConvertVec>::to_vec
FNF:1
FNH:0
BRF:0
BRH:0
DA:161,0
DA:162,0
DA:167,0
DA:168,0
DA:170,0
DA:171,0
LF:6
LH:0
end_of_record
SF:/rustc/becebb3158149a115cad8a402612e25436a7e37b/library/test/src/lib.rs
FN:228,test::assert_test_result
FNDA:1,test::assert_test_result
FNF:1
FNH:1
BRF:0
BRH:0
DA:228,4
DA:229,4
DA:230,4
DA:231,4
DA:233,0
DA:234,0
DA:238,4
LF:7
LH:5
end_of_record
SF:/rustc/becebb3158149a115cad8a402612e25436a7e37b/library/core/src/option.rs
FN:566,<core::option::Option<T> as core::fmt::Debug>::fmt
FN:2156,<core::option::Option<T> as core::cmp::PartialEq>::eq
FN:1171,core::option::Option<T>::map_or_else
FNDA:0,<core::option::Option<T> as core::fmt::Debug>::fmt
FNDA:0,<core::option::Option<T> as core::cmp::PartialEq>::eq
FNDA:0,core::option::Option<T>::map_or_else
FNF:3
FNH:0
BRF:0
BRH:0
DA:566,0
DA:579,0
DA:1171,0
DA:1176,0
DA:1177,0
DA:1178,0
DA:1180,0
DA:2156,0
DA:2159,0
DA:2160,0
DA:2161,0
DA:2162,0
DA:2163,0
DA:2165,0
LF:14
LH:0
end_of_record
SF:/rustc/becebb3158149a115cad8a402612e25436a7e37b/library/core/src/str/mod.rs
FN:179,core::str::<impl str>::is_empty
FN:179,core::str::<impl str>::is_empty
FNDA:0,core::str::<impl str>::is_empty
FNDA:1,core::str::<impl str>::is_empty
FNF:2
FNH:1
BRF:0
BRH:0
DA:179,4
DA:180,4
DA:181,4
LF:3
LH:3
end_of_record
SF:src/lib.rs
FN:33,signdemo::tests::file_does_not_exist::{{closure}}
FN:28,signdemo::tests::no_arg
FN:3,signdemo::sign_file
FN:3,signdemo::sign_file
FN:33,signdemo::tests::file_does_not_exist
FN:1,signdemo::main
FN:28,signdemo::tests::no_arg::{{closure}}
FNDA:1,signdemo::tests::file_does_not_exist::{{closure}}
FNDA:1,signdemo::tests::no_arg
FNDA:1,signdemo::sign_file
FNDA:0,signdemo::sign_file
FNDA:1,signdemo::tests::file_does_not_exist
FNDA:1,signdemo::main
FNDA:1,signdemo::tests::no_arg::{{closure}}
FNF:7
FNH:6
BRF:0
BRH:0
DA:1,10
DA:3,4
DA:4,4
DA:5,2
DA:6,2
DA:9,2
DA:10,2
DA:11,2
DA:14,0
DA:16,0
DA:17,0
DA:18,0
DA:20,0
DA:21,4
DA:28,4
DA:29,2
DA:30,4
DA:33,4
DA:34,2
DA:35,4
LF:20
LH:15
end_of_record
SF:/rustc/becebb3158149a115cad8a402612e25436a7e37b/library/core/src/ops/function.rs
FN:250,core::ops::function::FnOnce::call_once{{vtable.shim}}
FN:250,core::ops::function::FnOnce::call_once
FN:250,core::ops::function::FnOnce::call_once
FN:250,core::ops::function::FnOnce::call_once
FN:250,core::ops::function::FnOnce::call_once
FN:250,core::ops::function::FnOnce::call_once
FN:250,core::ops::function::FnOnce::call_once
FN:250,core::ops::function::FnOnce::call_once{{vtable.shim}}
FN:250,core::ops::function::FnOnce::call_once
FN:250,core::ops::function::FnOnce::call_once
FN:250,core::ops::function::FnOnce::call_once
FN:250,core::ops::function::FnOnce::call_once
FNDA:0,core::ops::function::FnOnce::call_once{{vtable.shim}}
FNDA:0,core::ops::function::FnOnce::call_once
FNDA:0,core::ops::function::FnOnce::call_once
FNDA:1,core::ops::function::FnOnce::call_once
FNDA:0,core::ops::function::FnOnce::call_once
FNDA:0,core::ops::function::FnOnce::call_once
FNDA:1,core::ops::function::FnOnce::call_once
FNDA:0,core::ops::function::FnOnce::call_once{{vtable.shim}}
FNDA:0,core::ops::function::FnOnce::call_once
FNDA:1,core::ops::function::FnOnce::call_once
FNDA:1,core::ops::function::FnOnce::call_once
FNDA:0,core::ops::function::FnOnce::call_once
FNF:12
FNH:4
BRF:0
BRH:0
DA:250,12
LF:1
LH:1
end_of_record
SF:/rustc/becebb3158149a115cad8a402612e25436a7e37b/library/core/src/alloc/layout.rs
FN:216,core::alloc::layout::Layout::dangling
FN:438,core::alloc::layout::Layout::array::inner
FN:216,core::alloc::layout::Layout::dangling
FN:438,core::alloc::layout::Layout::array::inner
FNDA:0,core::alloc::layout::Layout::dangling
FNDA:0,core::alloc::layout::Layout::array::inner
FNDA:0,core::alloc::layout::Layout::dangling
FNDA:0,core::alloc::layout::Layout::array::inner
FNF:4
FNH:0
BRF:0
BRH:0
DA:216,0
DA:219,0
DA:438,0
DA:449,0
DA:450,0
DA:462,0
DA:463,0
LF:7
LH:0
end_of_record
SF:/rustc/becebb3158149a115cad8a402612e25436a7e37b/library/core/src/convert/mod.rs
FN:701,<&T as core::convert::AsRef<U>>::as_ref
FN:701,<&T as core::convert::AsRef<U>>::as_ref
FN:701,<&T as core::convert::AsRef<U>>::as_ref
FN:701,<&T as core::convert::AsRef<U>>::as_ref
FN:701,<&T as core::convert::AsRef<U>>::as_ref
FN:701,<&T as core::convert::AsRef<U>>::as_ref
FNDA:0,<&T as core::convert::AsRef<U>>::as_ref
FNDA:0,<&T as core::convert::AsRef<U>>::as_ref
FNDA:0,<&T as core::convert::AsRef<U>>::as_ref
FNDA:0,<&T as core::convert::AsRef<U>>::as_ref
FNDA:1,<&T as core::convert::AsRef<U>>::as_ref
FNDA:0,<&T as core::convert::AsRef<U>>::as_ref
FNF:6
FNH:1
BRF:0
BRH:0
DA:701,2
DA:702,2
DA:703,2
LF:3
LH:3
end_of_record
SF:/rustc/becebb3158149a115cad8a402612e25436a7e37b/library/core/src/intrinsics.rs
FN:1009,core::intrinsics::unlikely
FN:1009,core::intrinsics::unlikely
FNDA:0,core::intrinsics::unlikely
FNDA:0,core::intrinsics::unlikely
FNF:2
FNH:0
BRF:0
BRH:0
DA:1009,0
DA:1011,0
LF:2
LH:0
end_of_record
SF:/rustc/becebb3158149a115cad8a402612e25436a7e37b/library/std/src/io/error/repr_bitpacked.rs
FN:237,<std::io::error::repr_bitpacked::Repr as core::ops::drop::Drop>::drop
FN:251,std::io::error::repr_bitpacked::decode_repr
FN:241,<std::io::error::repr_bitpacked::Repr as core::ops::drop::Drop>::drop::{{closure}}
FN:251,std::io::error::repr_bitpacked::decode_repr
FN:237,<std::io::error::repr_bitpacked::Repr as core::ops::drop::Drop>::drop
FN:241,<std::io::error::repr_bitpacked::Repr as core::ops::drop::Drop>::drop::{{closure}}
FN:294,std::io::error::repr_bitpacked::kind_from_prim
FN:294,std::io::error::repr_bitpacked::kind_from_prim
FNDA:0,<std::io::error::repr_bitpacked::Repr as core::ops::drop::Drop>::drop
FNDA:0,std::io::error::repr_bitpacked::decode_repr
FNDA:0,<std::io::error::repr_bitpacked::Repr as core::ops::drop::Drop>::drop::{{closure}}
FNDA:1,std::io::error::repr_bitpacked::decode_repr
FNDA:1,<std::io::error::repr_bitpacked::Repr as core::ops::drop::Drop>::drop
FNDA:0,<std::io::error::repr_bitpacked::Repr as core::ops::drop::Drop>::drop::{{closure}}
FNDA:0,std::io::error::repr_bitpacked::kind_from_prim
FNDA:0,std::io::error::repr_bitpacked::kind_from_prim
FNF:8
FNH:2
BRF:0
BRH:0
DA:237,2
DA:241,2
DA:243,2
DA:251,2
DA:255,2
DA:256,2
DA:258,2
DA:259,2
DA:262,0
DA:263,0
DA:273,0
DA:275,0
DA:281,0
DA:285,0
DA:288,2
DA:294,0
DA:307,0
DA:350,0
LF:18
LH:9
end_of_record
SF:/rustc/becebb3158149a115cad8a402612e25436a7e37b/library/core/src/iter/traits/iterator.rs
FN:1999,core::iter::traits::iterator::Iterator::collect
FNDA:0,core::iter::traits::iterator::Iterator::collect
FNF:1
FNH:0
BRF:0
BRH:0
DA:1999,0
DA:2003,0
DA:2004,0
LF:3
LH:0
end_of_record
SF:/rustc/becebb3158149a115cad8a402612e25436a7e37b/library/core/src/array/iter.rs
FN:245,<core::array::iter::IntoIter<T,_> as core::iter::traits::iterator::Iterator>::next::{{closure}}
FN:245,<core::array::iter::IntoIter<T,_> as core::iter::traits::iterator::Iterator>::next::{{closure}}
FN:227,core::array::iter::IntoIter<T,_>::as_mut_slice
FN:356,<core::array::iter::IntoIter<T,_> as core::ops::drop::Drop>::drop
FN:227,core::array::iter::IntoIter<T,_>::as_mut_slice
FN:57,core::array::iter::<impl core::iter::traits::collect::IntoIterator for [T; N]>::into_iter
FN:356,<core::array::iter::IntoIter<T,_> as core::ops::drop::Drop>::drop
FN:239,<core::array::iter::IntoIter<T,_> as core::iter::traits::iterator::Iterator>::next
FN:239,<core::array::iter::IntoIter<T,_> as core::iter::traits::iterator::Iterator>::next
FN:57,core::array::iter::<impl core::iter::traits::collect::IntoIterator for [T; N]>::into_iter
FNDA:0,<core::array::iter::IntoIter<T,_> as core::iter::traits::iterator::Iterator>::next::{{closure}}
FNDA:0,<core::array::iter::IntoIter<T,_> as core::iter::traits::iterator::Iterator>::next::{{closure}}
FNDA:0,core::array::iter::IntoIter<T,_>::as_mut_slice
FNDA:0,<core::array::iter::IntoIter<T,_> as core::ops::drop::Drop>::drop
FNDA:0,core::array::iter::IntoIter<T,_>::as_mut_slice
FNDA:0,core::array::iter::<impl core::iter::traits::collect::IntoIterator for [T; N]>::into_iter
FNDA:0,<core::array::iter::IntoIter<T,_> as core::ops::drop::Drop>::drop
FNDA:0,<core::array::iter::IntoIter<T,_> as core::iter::traits::iterator::Iterator>::next
FNDA:0,<core::array::iter::IntoIter<T,_> as core::iter::traits::iterator::Iterator>::next
FNDA:0,core::array::iter::<impl core::iter::traits::collect::IntoIterator for [T; N]>::into_iter
FNF:10
FNH:0
BRF:0
BRH:0
DA:57,0
DA:71,0
DA:72,0
DA:73,0
DA:227,0
DA:230,0
DA:233,0
DA:239,0
DA:245,0
DA:252,0
DA:253,0
DA:254,0
DA:356,0
DA:360,0
DA:361,0
LF:15
LH:0
end_of_record
SF:src/main.rs
FN:1,signdemo::main
FN:3,signdemo::main
FNDA:1,signdemo::main
FNDA:0,signdemo::main
FNF:2
FNH:1
BRF:0
BRH:0
DA:1,2
DA:3,0
DA:4,0
DA:5,0
DA:7,0
DA:9,0
DA:10,0
DA:13,0
DA:14,0
LF:9
LH:1
end_of_record
SF:/rustc/becebb3158149a115cad8a402612e25436a7e37b/library/std/src/ffi/os_str.rs
FN:1572,std::ffi::os_str::<impl core::convert::AsRef<std::ffi::os_str::OsStr> for str>::as_ref
FN:1572,std::ffi::os_str::<impl core::convert::AsRef<std::ffi::os_str::OsStr> for str>::as_ref
FN:1556,<std::ffi::os_str::OsStr as core::convert::AsRef<std::ffi::os_str::OsStr>>::as_ref
FN:1556,<std::ffi::os_str::OsStr as core::convert::AsRef<std::ffi::os_str::OsStr>>::as_ref
FNDA:1,std::ffi::os_str::<impl core::convert::AsRef<std::ffi::os_str::OsStr> for str>::as_ref
FNDA:0,std::ffi::os_str::<impl core::convert::AsRef<std::ffi::os_str::OsStr> for str>::as_ref
FNDA:0,<std::ffi::os_str::OsStr as core::convert::AsRef<std::ffi::os_str::OsStr>>::as_ref
FNDA:0,<std::ffi::os_str::OsStr as core::convert::AsRef<std::ffi::os_str::OsStr>>::as_ref
FNF:4
FNH:1
BRF:0
BRH:0
DA:1556,0
DA:1558,0
DA:1572,2
DA:1574,2
LF:4
LH:2
end_of_record
SF:/rustc/becebb3158149a115cad8a402612e25436a7e37b/library/alloc/src/collections/btree/node.rs
FN:1083,alloc::collections::btree::node::Handle<alloc::collections::btree::node::NodeRef<BorrowType,K,V,alloc::collections::btree::node::marker::Internal>,alloc::collections::btree::node::marker::Edge>::descend
FN:1175,alloc::collections::btree::node::Handle<alloc::collections::btree::node::NodeRef<alloc::collections::btree::node::marker::Dying,K,V,NodeType>,alloc::collections::btree::node::marker::KV>::drop_key_val
FN:396,alloc::collections::btree::node::NodeRef<alloc::collections::btree::node::marker::Dying,K,V,alloc::collections::btree::node::marker::LeafOrInternal>::deallocate_and_ascend
FN:1083,alloc::collections::btree::node::Handle<alloc::collections::btree::node::NodeRef<BorrowType,K,V,alloc::collections::btree::node::marker::Internal>,alloc::collections::btree::node::marker::Edge>::descend
FN:396,alloc::collections::btree::node::NodeRef<alloc::collections::btree::node::marker::Dying,K,V,alloc::collections::btree::node::marker::LeafOrInternal>::deallocate_and_ascend
FN:318,alloc::collections::btree::node::NodeRef<BorrowType,K,V,Type>::ascend
FN:1175,alloc::collections::btree::node::Handle<alloc::collections::btree::node::NodeRef<alloc::collections::btree::node::marker::Dying,K,V,NodeType>,alloc::collections::btree::node::marker::KV>::drop_key_val
FN:318,alloc::collections::btree::node::NodeRef<BorrowType,K,V,Type>::ascend
FNDA:0,alloc::collections::btree::node::Handle<alloc::collections::btree::node::NodeRef<BorrowType,K,V,alloc::collections::btree::node::marker::Internal>,alloc::collections::btree::node::marker::Edge>::descend
FNDA:0,alloc::collections::btree::node::Handle<alloc::collections::btree::node::NodeRef<alloc::collections::btree::node::marker::Dying,K,V,NodeType>,alloc::collections::btree::node::marker::KV>::drop_key_val
FNDA:0,alloc::collections::btree::node::NodeRef<alloc::collections::btree::node::marker::Dying,K,V,alloc::collections::btree::node::marker::LeafOrInternal>::deallocate_and_ascend
FNDA:0,alloc::collections::btree::node::Handle<alloc::collections::btree::node::NodeRef<BorrowType,K,V,alloc::collections::btree::node::marker::Internal>,alloc::collections::btree::node::marker::Edge>::descend
FNDA:0,alloc::collections::btree::node::NodeRef<alloc::collections::btree::node::marker::Dying,K,V,alloc::collections::btree::node::marker::LeafOrInternal>::deallocate_and_ascend
FNDA:0,alloc::collections::btree::node::NodeRef<BorrowType,K,V,Type>::ascend
FNDA:0,alloc::collections::btree::node::Handle<alloc::collections::btree::node::NodeRef<alloc::collections::btree::node::marker::Dying,K,V,NodeType>,alloc::collections::btree::node::marker::KV>::drop_key_val
FNDA:0,alloc::collections::btree::node::NodeRef<BorrowType,K,V,Type>::ascend
FNF:8
FNH:0
BRF:0
BRH:0
DA:318,0
DA:327,0
DA:328,0
DA:330,0
DA:335,0
DA:336,0
DA:396,0
DA:400,0
DA:401,0
DA:402,0
DA:404,0
DA:406,0
DA:407,0
DA:409,0
DA:413,0
DA:414,0
DA:1083,0
DA:1095,0
DA:1096,0
DA:1097,0
DA:1098,0
DA:1175,0
DA:1177,0
DA:1179,0
DA:1180,0
DA:1182,0
LF:26
LH:0
end_of_record
SF:/rustc/becebb3158149a115cad8a402612e25436a7e37b/library/std/src/os/fd/owned.rs
FN:171,<std::os::fd::owned::OwnedFd as core::ops::drop::Drop>::drop
FN:171,<std::os::fd::owned::OwnedFd as core::ops::drop::Drop>::drop
FNDA:0,<std::os::fd::owned::OwnedFd as core::ops::drop::Drop>::drop
FNDA:0,<std::os::fd::owned::OwnedFd as core::ops::drop::Drop>::drop
FNF:2
FNH:0
BRF:0
BRH:0
DA:171,0
DA:179,0
DA:183,0
LF:3
LH:0
end_of_record
SF:/rustc/becebb3158149a115cad8a402612e25436a7e37b/library/core/src/slice/index.rs
FN:300,<core::ops::index_range::IndexRange as core::slice::index::SliceIndex<[T]>>::get_unchecked_mut
FN:247,<usize as core::slice::index::SliceIndex<[T]>>::index
FN:300,<core::ops::index_range::IndexRange as core::slice::index::SliceIndex<[T]>>::get_unchecked_mut
FNDA:0,<core::ops::index_range::IndexRange as core::slice::index::SliceIndex<[T]>>::get_unchecked_mut
FNDA:0,<usize as core::slice::index::SliceIndex<[T]>>::index
FNDA:0,<core::ops::index_range::IndexRange as core::slice::index::SliceIndex<[T]>>::get_unchecked_mut
FNF:3
FNH:0
BRF:0
BRH:0
DA:247,0
DA:249,0
DA:250,0
DA:300,0
DA:301,0
DA:304,0
DA:308,0
DA:309,0
LF:8
LH:0
end_of_record
SF:/rustc/becebb3158149a115cad8a402612e25436a7e37b/library/alloc/src/vec/spec_extend.rs
FN:16,<alloc::vec::Vec<T,A> as alloc::vec::spec_extend::SpecExtend<T,I>>::spec_extend
FNDA:0,<alloc::vec::Vec<T,A> as alloc::vec::spec_extend::SpecExtend<T,I>>::spec_extend
FNF:1
FNH:0
BRF:0
BRH:0
DA:16,0
DA:17,0
DA:18,0
LF:3
LH:0
end_of_record
SF:/rustc/becebb3158149a115cad8a402612e25436a7e37b/library/alloc/src/vec/mod.rs
FN:3276,<alloc::vec::Vec<T,A> as core::ops::drop::Drop>::drop
FN:971,alloc::vec::Vec<T,A>::reserve
FN:3276,<alloc::vec::Vec<T,A> as core::ops::drop::Drop>::drop
FN:2814,<alloc::vec::Vec<T,A> as core::ops::deref::Deref>::deref
FN:3276,<alloc::vec::Vec<T,A> as core::ops::drop::Drop>::drop
FN:3276,<alloc::vec::Vec<T,A> as core::ops::drop::Drop>::drop
FN:3276,<alloc::vec::Vec<T,A> as core::ops::drop::Drop>::drop
FN:3276,<alloc::vec::Vec<T,A> as core::ops::drop::Drop>::drop
FN:2814,<alloc::vec::Vec<T,A> as core::ops::deref::Deref>::deref
FN:3276,<alloc::vec::Vec<T,A> as core::ops::drop::Drop>::drop
FN:2969,<alloc::vec::Vec<T> as core::iter::traits::collect::FromIterator<T>>::from_iter
FN:3056,alloc::vec::Vec<T,A>::extend_desugared
FN:2904,<alloc::vec::Vec<T,A> as core::ops::index::Index<I>>::index
FN:3276,<alloc::vec::Vec<T,A> as core::ops::drop::Drop>::drop
FN:3276,<alloc::vec::Vec<T,A> as core::ops::drop::Drop>::drop
FNDA:0,<alloc::vec::Vec<T,A> as core::ops::drop::Drop>::drop
FNDA:0,alloc::vec::Vec<T,A>::reserve
FNDA:0,<alloc::vec::Vec<T,A> as core::ops::drop::Drop>::drop
FNDA:0,<alloc::vec::Vec<T,A> as core::ops::deref::Deref>::deref
FNDA:0,<alloc::vec::Vec<T,A> as core::ops::drop::Drop>::drop
FNDA:0,<alloc::vec::Vec<T,A> as core::ops::drop::Drop>::drop
FNDA:0,<alloc::vec::Vec<T,A> as core::ops::drop::Drop>::drop
FNDA:0,<alloc::vec::Vec<T,A> as core::ops::drop::Drop>::drop
FNDA:0,<alloc::vec::Vec<T,A> as core::ops::deref::Deref>::deref
FNDA:0,<alloc::vec::Vec<T,A> as core::ops::drop::Drop>::drop
FNDA:0,<alloc::vec::Vec<T> as core::iter::traits::collect::FromIterator<T>>::from_iter
FNDA:0,alloc::vec::Vec<T,A>::extend_desugared
FNDA:0,<alloc::vec::Vec<T,A> as core::ops::index::Index<I>>::index
FNDA:0,<alloc::vec::Vec<T,A> as core::ops::drop::Drop>::drop
FNDA:0,<alloc::vec::Vec<T,A> as core::ops::drop::Drop>::drop
FNF:15
FNH:0
BRF:0
BRH:0
DA:971,0
DA:972,0
DA:973,0
DA:2814,0
DA:2815,0
DA:2816,0
DA:2904,0
DA:2905,0
DA:2906,0
DA:2969,0
DA:2970,0
DA:2971,0
DA:3056,0
DA:3064,0
DA:3066,0
DA:3067,0
DA:3068,0
DA:3071,0
DA:3075,0
DA:3077,0
DA:3078,0
DA:3276,0
DA:3281,0
DA:3284,0
LF:24
LH:0
end_of_record
SF:/rustc/becebb3158149a115cad8a402612e25436a7e37b/library/std/src/fs.rs
FN:118,std::fs::Metadata
FN:118,std::fs::Metadata
FN:1942,std::fs::metadata
FN:1942,std::fs::metadata
FNDA:0,std::fs::Metadata
FNDA:0,std::fs::Metadata
FNDA:1,std::fs::metadata
FNDA:0,std::fs::metadata
FNF:4
FNH:1
BRF:0
BRH:0
DA:118,0
DA:1942,2
DA:1943,2
DA:1944,2
LF:4
LH:3
end_of_record
SF:/rustc/becebb3158149a115cad8a402612e25436a7e37b/library/core/src/ptr/mod.rs
FN:514,core::ptr::drop_in_place<alloc::raw_vec::RawVec<alloc::boxed::Box<dyn core::ops::function::FnMut<()>+Output = core::result::Result<(),std::io::error::Error>+core::marker::Send+core::marker::Sync>>>
FN:514,core::ptr::drop_in_place<core::option::Option<std::sys::pal::unix::process::process_common::Stdio>>
FN:514,core::ptr::drop_in_place<&usize>
FN:514,core::ptr::drop_in_place<alloc::boxed::Box<dyn core::error::Error+core::marker::Send+core::marker::Sync>>
FN:514,core::ptr::drop_in_place<std::io::error::ErrorData<alloc::boxed::Box<std::io::error::Custom>>>
FN:514,core::ptr::drop_in_place<alloc::raw_vec::RawVec<alloc::ffi::c_str::CString>>
FN:514,core::ptr::drop_in_place<std::io::error::Error>
FN:514,core::ptr::drop_in_place<alloc::ffi::c_str::CString>
FN:514,core::ptr::drop_in_place<alloc::boxed::Box<std::io::error::Custom>>
FN:514,core::ptr::drop_in_place<alloc::vec::Vec<alloc::boxed::Box<dyn core::ops::function::FnMut<()>+Output = core::result::Result<(),std::io::error::Error>+core::marker::Send+core::marker::Sync>>>
FN:514,core::ptr::drop_in_place<std::os::fd::owned::OwnedFd>
FN:514,core::ptr::drop_in_place<std::ffi::os_str::OsString>
FN:514,core::ptr::drop_in_place<alloc::collections::btree::mem::replace::PanicGuard>
FN:514,core::ptr::drop_in_place<std::rt::lang_start<()>::{{closure}}>
FN:514,core::ptr::drop_in_place<[alloc::ffi::c_str::CString]>
FN:514,core::ptr::drop_in_place<&core::option::Option<usize>>
FN:514,core::ptr::drop_in_place<core::array::iter::IntoIter<&str,2_usize>>
FN:514,core::ptr::drop_in_place<std::io::error::ErrorData<alloc::boxed::Box<std::io::error::Custom>>>
FN:514,core::ptr::drop_in_place<std::io::error::Error>
FN:514,core::ptr::drop_in_place<core::option::Option<alloc::boxed::Box<[u32]>>>
FN:514,core::ptr::drop_in_place<<alloc::collections::btree::map::IntoIter<K,V,A> as core::ops::drop::Drop>::drop::DropGuard<std::ffi::os_str::OsString,core::option::Option<std::ffi::os_str::OsString>,alloc::alloc::Global>>
FN:514,core::ptr::drop_in_place<std::io::error::Custom>
FN:514,core::ptr::drop_in_place<alloc::collections::btree::map::BTreeMap<std::ffi::os_str::OsString,core::option::Option<std::ffi::os_str::OsString>>>
FN:514,core::ptr::drop_in_place<core::array::iter::IntoIter<&str,2_usize>>
FN:514,core::ptr::drop_in_place<std::sys::os_str::bytes::Buf>
FN:514,core::ptr::drop_in_place<core::result::Result<std::process::Output,std::io::error::Error>>
FN:514,core::ptr::drop_in_place<[alloc::string::String]>
FN:514,core::ptr::drop_in_place<<alloc::vec::into_iter::IntoIter<T,A> as core::ops::drop::Drop>::drop::DropGuard<std::ffi::os_str::OsString,alloc::alloc::Global>>
FN:514,core::ptr::drop_in_place<alloc::boxed::Box<[u8]>>
FN:514,core::ptr::drop_in_place<std::env::ArgsOs>
FN:514,core::ptr::drop_in_place<std::process::Command>
FN:514,core::ptr::drop_in_place<alloc::raw_vec::RawVec<alloc::boxed::Box<dyn core::ops::function::FnMut<()>+Output = core::result::Result<(),std::io::error::Error>+core::marker::Send+core::marker::Sync>>>
FN:514,core::ptr::drop_in_place<alloc::vec::Vec<*const i8>>
FN:514,core::ptr::drop_in_place<core::option::Option<alloc::boxed::Box<[u32]>>>
FN:514,core::ptr::drop_in_place<std::os::fd::owned::OwnedFd>
FN:514,core::ptr::drop_in_place<std::rt::lang_start<()>::{{closure}}>
FN:514,core::ptr::drop_in_place<alloc::collections::btree::map::BTreeMap<std::ffi::os_str::OsString,core::option::Option<std::ffi::os_str::OsString>>>
FN:514,core::ptr::drop_in_place<alloc::vec::Vec<alloc::string::String>>
FN:514,core::ptr::drop_in_place<core::option::Option<std::ffi::os_str::OsString>>
FN:514,core::ptr::drop_in_place<alloc::boxed::Box<[u32]>>
FN:514,core::ptr::drop_in_place<alloc::ffi::c_str::CString>
FN:514,core::ptr::drop_in_place<std::sys::os_str::bytes::Buf>
FN:514,core::ptr::drop_in_place<alloc::raw_vec::RawVec<u8>>
FN:514,core::ptr::drop_in_place<alloc::raw_vec::RawVec<*const i8>>
FN:514,core::ptr::drop_in_place<alloc::boxed::Box<dyn core::error::Error+core::marker::Send+core::marker::Sync>>
FN:514,core::ptr::drop_in_place<alloc::collections::btree::mem::replace::PanicGuard>
FN:514,core::ptr::drop_in_place<std::process::Command>
FN:514,core::ptr::drop_in_place<std::io::error::Custom>
FN:514,core::ptr::drop_in_place<std::sys::pal::unix::process::process_common::Stdio>
FN:514,core::ptr::drop_in_place<std::sys::pal::unix::process::process_common::Command>
FN:514,core::ptr::drop_in_place<core::option::Option<alloc::string::String>>
FN:514,core::ptr::drop_in_place<core::option::Option<alloc::ffi::c_str::CString>>
FN:514,core::ptr::drop_in_place<[alloc::boxed::Box<dyn core::ops::function::FnMut<()>+Output = core::result::Result<(),std::io::error::Error>+core::marker::Send+core::marker::Sync>]>
FN:514,core::ptr::drop_in_place<std::sys::pal::unix::process::process_common::Stdio>
FN:514,core::ptr::drop_in_place<alloc::collections::btree::map::IntoIter<std::ffi::os_str::OsString,core::option::Option<std::ffi::os_str::OsString>>>
FN:514,core::ptr::drop_in_place<core::option::Option<std::ffi::os_str::OsString>>
FN:514,core::ptr::drop_in_place<std::sys::pal::unix::process::process_common::Argv>
FN:514,core::ptr::drop_in_place<alloc::boxed::Box<dyn core::ops::function::FnMut<()>+Output = core::result::Result<(),std::io::error::Error>+core::marker::Send+core::marker::Sync>>
FN:514,core::ptr::drop_in_place<core::option::Option<std::sys::pal::unix::process::process_common::Stdio>>
FN:514,core::ptr::drop_in_place<core::result::Result<std::process::Output,std::io::error::Error>>
FN:514,core::ptr::drop_in_place<[std::ffi::os_str::OsString]>
FN:514,core::ptr::drop_in_place<alloc::boxed::Box<dyn core::ops::function::FnMut<()>+Output = core::result::Result<(),std::io::error::Error>+core::marker::Send+core::marker::Sync>>
FN:514,core::ptr::drop_in_place<alloc::vec::Vec<u8>>
FN:514,core::ptr::drop_in_place<std::sys::pal::unix::fd::FileDesc>
FN:514,core::ptr::drop_in_place<std::io::error::repr_bitpacked::Repr>
FN:514,core::ptr::drop_in_place<alloc::boxed::Box<std::io::error::Custom>>
FN:514,core::ptr::drop_in_place<alloc::raw_vec::RawVec<alloc::string::String>>
FN:514,core::ptr::drop_in_place<alloc::raw_vec::RawVec<std::ffi::os_str::OsString>>
FN:514,core::ptr::drop_in_place<dyn core::ops::function::FnMut<()>+Output = core::result::Result<(),std::io::error::Error>+core::marker::Send+core::marker::Sync>
FN:514,core::ptr::drop_in_place<std::env::Args>
FN:514,core::ptr::drop_in_place<alloc::vec::Vec<alloc::ffi::c_str::CString>>
FN:514,core::ptr::drop_in_place<std::io::error::repr_bitpacked::Repr>
FN:514,core::ptr::drop_in_place<[alloc::ffi::c_str::CString]>
FN:514,core::ptr::drop_in_place<std::sys::pal::unix::args::Args>
FN:514,core::ptr::drop_in_place<[alloc::boxed::Box<dyn core::ops::function::FnMut<()>+Output = core::result::Result<(),std::io::error::Error>+core::marker::Send+core::marker::Sync>]>
FN:514,core::ptr::drop_in_place<dyn core::ops::function::FnMut<()>+Output = core::result::Result<(),std::io::error::Error>+core::marker::Send+core::marker::Sync>
FN:514,core::ptr::drop_in_place<alloc::vec::Vec<alloc::boxed::Box<dyn core::ops::function::FnMut<()>+Output = core::result::Result<(),std::io::error::Error>+core::marker::Send+core::marker::Sync>>>
FN:514,core::ptr::drop_in_place<std::sys::pal::unix::fd::FileDesc>
FN:514,core::ptr::drop_in_place<std::ffi::os_str::OsString>
FN:514,core::ptr::drop_in_place<std::sys_common::process::CommandEnv>
FN:514,core::ptr::drop_in_place<std::process::Output>
FN:514,core::ptr::drop_in_place<alloc::boxed::Box<[u32]>>
FN:514,core::ptr::drop_in_place<core::result::Result<std::fs::Metadata,std::io::error::Error>>
FN:514,core::ptr::drop_in_place<dyn core::error::Error+core::marker::Send+core::marker::Sync>
FN:514,core::ptr::drop_in_place<alloc::vec::Vec<alloc::ffi::c_str::CString>>
FN:514,core::ptr::drop_in_place<alloc::raw_vec::RawVec<*const i8>>
FN:514,core::ptr::drop_in_place<alloc::raw_vec::RawVec<alloc::ffi::c_str::CString>>
FN:514,core::ptr::drop_in_place<core::result::Result<std::fs::Metadata,std::io::error::Error>>
FN:514,core::ptr::drop_in_place<alloc::vec::into_iter::IntoIter<std::ffi::os_str::OsString>>
FN:514,core::ptr::drop_in_place<std::sys::pal::unix::process::process_common::Argv>
FN:514,core::ptr::drop_in_place<std::sys::pal::unix::process::process_common::Command>
FN:514,core::ptr::drop_in_place<<alloc::collections::btree::map::IntoIter<K,V,A> as core::ops::drop::Drop>::drop::DropGuard<std::ffi::os_str::OsString,core::option::Option<std::ffi::os_str::OsString>,alloc::alloc::Global>>
FN:514,core::ptr::drop_in_place<alloc::boxed::Box<[u8]>>
FN:514,core::ptr::drop_in_place<alloc::vec::Vec<*const i8>>
FN:514,core::ptr::drop_in_place<alloc::raw_vec::RawVec<u8>>
FN:514,core::ptr::drop_in_place<alloc::string::String>
FN:514,core::ptr::drop_in_place<std::sys_common::process::CommandEnv>
FN:514,core::ptr::drop_in_place<core::option::Option<alloc::ffi::c_str::CString>>
FN:514,core::ptr::drop_in_place<alloc::collections::btree::map::IntoIter<std::ffi::os_str::OsString,core::option::Option<std::ffi::os_str::OsString>>>
FN:514,core::ptr::drop_in_place<std::process::Output>
FN:514,core::ptr::drop_in_place<alloc::vec::Vec<u8>>
FN:514,core::ptr::drop_in_place<dyn core::error::Error+core::marker::Send+core::marker::Sync>
FNDA:0,core::ptr::drop_in_place<alloc::raw_vec::RawVec<alloc::boxed::Box<dyn core::ops::function::FnMut<()>+Output = core::result::Result<(),std::io::error::Error>+core::marker::Send+core::marker::Sync>>>
FNDA:0,core::ptr::drop_in_place<core::option::Option<std::sys::pal::unix::process::process_common::Stdio>>
FNDA:0,core::ptr::drop_in_place<&usize>
FNDA:0,core::ptr::drop_in_place<alloc::boxed::Box<dyn core::error::Error+core::marker::Send+core::marker::Sync>>
FNDA:0,core::ptr::drop_in_place<std::io::error::ErrorData<alloc::boxed::Box<std::io::error::Custom>>>
FNDA:0,core::ptr::drop_in_place<alloc::raw_vec::RawVec<alloc::ffi::c_str::CString>>
FNDA:0,core::ptr::drop_in_place<std::io::error::Error>
FNDA:0,core::ptr::drop_in_place<alloc::ffi::c_str::CString>
FNDA:0,core::ptr::drop_in_place<alloc::boxed::Box<std::io::error::Custom>>
FNDA:0,core::ptr::drop_in_place<alloc::vec::Vec<alloc::boxed::Box<dyn core::ops::function::FnMut<()>+Output = core::result::Result<(),std::io::error::Error>+core::marker::Send+core::marker::Sync>>>
FNDA:0,core::ptr::drop_in_place<std::os::fd::owned::OwnedFd>
FNDA:0,core::ptr::drop_in_place<std::ffi::os_str::OsString>
FNDA:0,core::ptr::drop_in_place<alloc::collections::btree::mem::replace::PanicGuard>
FNDA:0,core::ptr::drop_in_place<std::rt::lang_start<()>::{{closure}}>
FNDA:0,core::ptr::drop_in_place<[alloc::ffi::c_str::CString]>
FNDA:0,core::ptr::drop_in_place<&core::option::Option<usize>>
FNDA:0,core::ptr::drop_in_place<core::array::iter::IntoIter<&str,2_usize>>
FNDA:1,core::ptr::drop_in_place<std::io::error::ErrorData<alloc::boxed::Box<std::io::error::Custom>>>
FNDA:1,core::ptr::drop_in_place<std::io::error::Error>
FNDA:0,core::ptr::drop_in_place<core::option::Option<alloc::boxed::Box<[u32]>>>
FNDA:0,core::ptr::drop_in_place<<alloc::collections::btree::map::IntoIter<K,V,A> as core::ops::drop::Drop>::drop::DropGuard<std::ffi::os_str::OsString,core::option::Option<std::ffi::os_str::OsString>,alloc::alloc::Global>>
FNDA:0,core::ptr::drop_in_place<std::io::error::Custom>
FNDA:0,core::ptr::drop_in_place<alloc::collections::btree::map::BTreeMap<std::ffi::os_str::OsString,core::option::Option<std::ffi::os_str::OsString>>>
FNDA:0,core::ptr::drop_in_place<core::array::iter::IntoIter<&str,2_usize>>
FNDA:0,core::ptr::drop_in_place<std::sys::os_str::bytes::Buf>
FNDA:0,core::ptr::drop_in_place<core::result::Result<std::process::Output,std::io::error::Error>>
FNDA:0,core::ptr::drop_in_place<[alloc::string::String]>
FNDA:0,core::ptr::drop_in_place<<alloc::vec::into_iter::IntoIter<T,A> as core::ops::drop::Drop>::drop::DropGuard<std::ffi::os_str::OsString,alloc::alloc::Global>>
FNDA:0,core::ptr::drop_in_place<alloc::boxed::Box<[u8]>>
FNDA:0,core::ptr::drop_in_place<std::env::ArgsOs>
FNDA:0,core::ptr::drop_in_place<std::process::Command>
FNDA:0,core::ptr::drop_in_place<alloc::raw_vec::RawVec<alloc::boxed::Box<dyn core::ops::function::FnMut<()>+Output = core::result::Result<(),std::io::error::Error>+core::marker::Send+core::marker::Sync>>>
FNDA:0,core::ptr::drop_in_place<alloc::vec::Vec<*const i8>>
FNDA:0,core::ptr::drop_in_place<core::option::Option<alloc::boxed::Box<[u32]>>>
FNDA:0,core::ptr::drop_in_place<std::os::fd::owned::OwnedFd>
FNDA:0,core::ptr::drop_in_place<std::rt::lang_start<()>::{{closure}}>
FNDA:0,core::ptr::drop_in_place<alloc::collections::btree::map::BTreeMap<std::ffi::os_str::OsString,core::option::Option<std::ffi::os_str::OsString>>>
FNDA:0,core::ptr::drop_in_place<alloc::vec::Vec<alloc::string::String>>
FNDA:0,core::ptr::drop_in_place<core::option::Option<std::ffi::os_str::OsString>>
FNDA:0,core::ptr::drop_in_place<alloc::boxed::Box<[u32]>>
FNDA:0,core::ptr::drop_in_place<alloc::ffi::c_str::CString>
FNDA:0,core::ptr::drop_in_place<std::sys::os_str::bytes::Buf>
FNDA:0,core::ptr::drop_in_place<alloc::raw_vec::RawVec<u8>>
FNDA:0,core::ptr::drop_in_place<alloc::raw_vec::RawVec<*const i8>>
FNDA:0,core::ptr::drop_in_place<alloc::boxed::Box<dyn core::error::Error+core::marker::Send+core::marker::Sync>>
FNDA:0,core::ptr::drop_in_place<alloc::collections::btree::mem::replace::PanicGuard>
FNDA:0,core::ptr::drop_in_place<std::process::Command>
FNDA:0,core::ptr::drop_in_place<std::io::error::Custom>
FNDA:0,core::ptr::drop_in_place<std::sys::pal::unix::process::process_common::Stdio>
FNDA:0,core::ptr::drop_in_place<std::sys::pal::unix::process::process_common::Command>
FNDA:0,core::ptr::drop_in_place<core::option::Option<alloc::string::String>>
FNDA:0,core::ptr::drop_in_place<core::option::Option<alloc::ffi::c_str::CString>>
FNDA:0,core::ptr::drop_in_place<[alloc::boxed::Box<dyn core::ops::function::FnMut<()>+Output = core::result::Result<(),std::io::error::Error>+core::marker::Send+core::marker::Sync>]>
FNDA:0,core::ptr::drop_in_place<std::sys::pal::unix::process::process_common::Stdio>
FNDA:0,core::ptr::drop_in_place<alloc::collections::btree::map::IntoIter<std::ffi::os_str::OsString,core::option::Option<std::ffi::os_str::OsString>>>
FNDA:0,core::ptr::drop_in_place<core::option::Option<std::ffi::os_str::OsString>>
FNDA:0,core::ptr::drop_in_place<std::sys::pal::unix::process::process_common::Argv>
FNDA:0,core::ptr::drop_in_place<alloc::boxed::Box<dyn core::ops::function::FnMut<()>+Output = core::result::Result<(),std::io::error::Error>+core::marker::Send+core::marker::Sync>>
FNDA:0,core::ptr::drop_in_place<core::option::Option<std::sys::pal::unix::process::process_common::Stdio>>
FNDA:0,core::ptr::drop_in_place<core::result::Result<std::process::Output,std::io::error::Error>>
FNDA:0,core::ptr::drop_in_place<[std::ffi::os_str::OsString]>
FNDA:0,core::ptr::drop_in_place<alloc::boxed::Box<dyn core::ops::function::FnMut<()>+Output = core::result::Result<(),std::io::error::Error>+core::marker::Send+core::marker::Sync>>
FNDA:0,core::ptr::drop_in_place<alloc::vec::Vec<u8>>
FNDA:0,core::ptr::drop_in_place<std::sys::pal::unix::fd::FileDesc>
FNDA:0,core::ptr::drop_in_place<std::io::error::repr_bitpacked::Repr>
FNDA:0,core::ptr::drop_in_place<alloc::boxed::Box<std::io::error::Custom>>
FNDA:0,core::ptr::drop_in_place<alloc::raw_vec::RawVec<alloc::string::String>>
FNDA:0,core::ptr::drop_in_place<alloc::raw_vec::RawVec<std::ffi::os_str::OsString>>
FNDA:0,core::ptr::drop_in_place<dyn core::ops::function::FnMut<()>+Output = core::result::Result<(),std::io::error::Error>+core::marker::Send+core::marker::Sync>
FNDA:0,core::ptr::drop_in_place<std::env::Args>
FNDA:0,core::ptr::drop_in_place<alloc::vec::Vec<alloc::ffi::c_str::CString>>
FNDA:1,core::ptr::drop_in_place<std::io::error::repr_bitpacked::Repr>
FNDA:0,core::ptr::drop_in_place<[alloc::ffi::c_str::CString]>
FNDA:0,core::ptr::drop_in_place<std::sys::pal::unix::args::Args>
FNDA:0,core::ptr::drop_in_place<[alloc::boxed::Box<dyn core::ops::function::FnMut<()>+Output = core::result::Result<(),std::io::error::Error>+core::marker::Send+core::marker::Sync>]>
FNDA:0,core::ptr::drop_in_place<dyn core::ops::function::FnMut<()>+Output = core::result::Result<(),std::io::error::Error>+core::marker::Send+core::marker::Sync>
FNDA:0,core::ptr::drop_in_place<alloc::vec::Vec<alloc::boxed::Box<dyn core::ops::function::FnMut<()>+Output = core::result::Result<(),std::io::error::Error>+core::marker::Send+core::marker::Sync>>>
FNDA:0,core::ptr::drop_in_place<std::sys::pal::unix::fd::FileDesc>
FNDA:0,core::ptr::drop_in_place<std::ffi::os_str::OsString>
FNDA:0,core::ptr::drop_in_place<std::sys_common::process::CommandEnv>
FNDA:0,core::ptr::drop_in_place<std::process::Output>
FNDA:0,core::ptr::drop_in_place<alloc::boxed::Box<[u32]>>
FNDA:0,core::ptr::drop_in_place<core::result::Result<std::fs::Metadata,std::io::error::Error>>
FNDA:0,core::ptr::drop_in_place<dyn core::error::Error+core::marker::Send+core::marker::Sync>
FNDA:0,core::ptr::drop_in_place<alloc::vec::Vec<alloc::ffi::c_str::CString>>
FNDA:0,core::ptr::drop_in_place<alloc::raw_vec::RawVec<*const i8>>
FNDA:0,core::ptr::drop_in_place<alloc::raw_vec::RawVec<alloc::ffi::c_str::CString>>
FNDA:1,core::ptr::drop_in_place<core::result::Result<std::fs::Metadata,std::io::error::Error>>
FNDA:0,core::ptr::drop_in_place<alloc::vec::into_iter::IntoIter<std::ffi::os_str::OsString>>
FNDA:0,core::ptr::drop_in_place<std::sys::pal::unix::process::process_common::Argv>
FNDA:0,core::ptr::drop_in_place<std::sys::pal::unix::process::process_common::Command>
FNDA:0,core::ptr::drop_in_place<<alloc::collections::btree::map::IntoIter<K,V,A> as core::ops::drop::Drop>::drop::DropGuard<std::ffi::os_str::OsString,core::option::Option<std::ffi::os_str::OsString>,alloc::alloc::Global>>
FNDA:0,core::ptr::drop_in_place<alloc::boxed::Box<[u8]>>
FNDA:0,core::ptr::drop_in_place<alloc::vec::Vec<*const i8>>
FNDA:0,core::ptr::drop_in_place<alloc::raw_vec::RawVec<u8>>
FNDA:0,core::ptr::drop_in_place<alloc::string::String>
FNDA:0,core::ptr::drop_in_place<std::sys_common::process::CommandEnv>
FNDA:0,core::ptr::drop_in_place<core::option::Option<alloc::ffi::c_str::CString>>
FNDA:0,core::ptr::drop_in_place<alloc::collections::btree::map::IntoIter<std::ffi::os_str::OsString,core::option::Option<std::ffi::os_str::OsString>>>
FNDA:0,core::ptr::drop_in_place<std::process::Output>
FNDA:0,core::ptr::drop_in_place<alloc::vec::Vec<u8>>
FNDA:0,core::ptr::drop_in_place<dyn core::error::Error+core::marker::Send+core::marker::Sync>
FNF:102
FNH:4
BRF:0
BRH:0
DA:514,8
LF:1
LH:1
end_of_record
SF:/rustc/becebb3158149a115cad8a402612e25436a7e37b/library/alloc/src/alloc.rs
FN:178,alloc::alloc::Global::alloc_impl
FN:94,alloc::alloc::alloc
FN:192,alloc::alloc::Global::grow_impl
FN:252,<alloc::alloc::Global as core::alloc::Allocator>::deallocate
FN:252,<alloc::alloc::Global as core::alloc::Allocator>::deallocate
FN:247,<alloc::alloc::Global as core::alloc::Allocator>::allocate_zeroed
FN:242,<alloc::alloc::Global as core::alloc::Allocator>::allocate
FN:261,<alloc::alloc::Global as core::alloc::Allocator>::grow
FN:242,<alloc::alloc::Global as core::alloc::Allocator>::allocate
FN:51,<alloc::alloc::Global as core::clone::Clone>::clone
FN:252,<alloc::alloc::Global as core::alloc::Allocator>::deallocate
FN:247,<alloc::alloc::Global as core::alloc::Allocator>::allocate_zeroed
FN:94,alloc::alloc::alloc
FN:178,alloc::alloc::Global::alloc_impl
FN:51,<alloc::alloc::Global as core::clone::Clone>::clone
FNDA:0,alloc::alloc::Global::alloc_impl
FNDA:0,alloc::alloc::alloc
FNDA:0,alloc::alloc::Global::grow_impl
FNDA:0,<alloc::alloc::Global as core::alloc::Allocator>::deallocate
FNDA:0,<alloc::alloc::Global as core::alloc::Allocator>::deallocate
FNDA:0,<alloc::alloc::Global as core::alloc::Allocator>::allocate_zeroed
FNDA:0,<alloc::alloc::Global as core::alloc::Allocator>::allocate
FNDA:0,<alloc::alloc::Global as core::alloc::Allocator>::grow
FNDA:0,<alloc::alloc::Global as core::alloc::Allocator>::allocate
FNDA:0,<alloc::alloc::Global as core::clone::Clone>::clone
FNDA:0,<alloc::alloc::Global as core::alloc::Allocator>::deallocate
FNDA:0,<alloc::alloc::Global as core::alloc::Allocator>::allocate_zeroed
FNDA:0,alloc::alloc::alloc
FNDA:0,alloc::alloc::Global::alloc_impl
FNDA:0,<alloc::alloc::Global as core::clone::Clone>::clone
FNF:15
FNH:0
BRF:0
BRH:0
DA:51,0
DA:94,0
DA:100,0
DA:102,0
DA:178,0
DA:179,0
DA:180,0
DA:183,0
DA:184,0
DA:185,0
DA:186,0
DA:188,0
DA:192,0
DA:204,0
DA:205,0
DA:209,0
DA:210,0
DA:213,0
DA:215,0
DA:216,0
DA:217,0
DA:218,0
DA:220,0
DA:221,0
DA:228,0
DA:229,0
DA:231,0
DA:232,0
DA:233,0
DA:235,0
DA:242,0
DA:243,0
DA:244,0
DA:247,0
DA:248,0
DA:249,0
DA:252,0
DA:253,0
DA:256,0
DA:258,0
DA:261,0
DA:268,0
DA:269,0
LF:43
LH:0
end_of_record
SF:/rustc/becebb3158149a115cad8a402612e25436a7e37b/library/alloc/src/vec/spec_from_iter.rs
FN:32,<alloc::vec::Vec<T> as alloc::vec::spec_from_iter::SpecFromIter<T,I>>::from_iter
FNDA:0,<alloc::vec::Vec<T> as alloc::vec::spec_from_iter::SpecFromIter<T,I>>::from_iter
FNF:1
FNH:0
BRF:0
BRH:0
DA:32,0
DA:33,0
DA:34,0
LF:3
LH:0
end_of_record
SF:/rustc/becebb3158149a115cad8a402612e25436a7e37b/library/core/src/fmt/rt.rs
FN:112,core::fmt::rt::Argument::new_display
FNDA:0,core::fmt::rt::Argument::new_display
FNF:1
FNH:0
BRF:0
BRH:0
DA:112,0
DA:113,0
DA:114,0
LF:3
LH:0
end_of_record
SF:/rustc/becebb3158149a115cad8a402612e25436a7e37b/library/core/src/iter/traits/collect.rs
FN:354,<I as core::iter::traits::collect::IntoIterator>::into_iter
FNDA:0,<I as core::iter::traits::collect::IntoIterator>::into_iter
FNF:1
FNH:0
BRF:0
BRH:0
DA:354,0
DA:355,0
DA:356,0
LF:3
LH:0
end_of_record
SF:/rustc/becebb3158149a115cad8a402612e25436a7e37b/library/core/src/iter/traits/exact_size.rs
FN:116,core::iter::traits::exact_size::ExactSizeIterator::len
FNDA:0,core::iter::traits::exact_size::ExactSizeIterator::len
FNF:1
FNH:0
BRF:0
BRH:0
DA:116,0
DA:117,0
DA:122,0
DA:124,0
LF:4
LH:0
end_of_record
SF:/rustc/becebb3158149a115cad8a402612e25436a7e37b/library/alloc/src/str.rs
FN:210,alloc::str::<impl alloc::borrow::ToOwned for str>::to_owned
FNDA:0,alloc::str::<impl alloc::borrow::ToOwned for str>::to_owned
FNF:1
FNH:0
BRF:0
BRH:0
DA:210,0
DA:212,0
LF:2
LH:0
end_of_record
SF:/rustc/becebb3158149a115cad8a402612e25436a7e37b/library/std/src/sys_common/backtrace.rs
FN:151,std::sys_common::backtrace::__rust_begin_short_backtrace
FN:151,std::sys_common::backtrace::__rust_begin_short_backtrace
FNDA:1,std::sys_common::backtrace::__rust_begin_short_backtrace
FNDA:1,std::sys_common::backtrace::__rust_begin_short_backtrace
FNF:2
FNH:2
BRF:0
BRH:0
DA:151,8
DA:155,8
DA:161,8
LF:3
LH:3
end_of_record
SF:/rustc/becebb3158149a115cad8a402612e25436a7e37b/library/alloc/src/fmt.rs
FN:629,alloc::fmt::format
FN:637,alloc::fmt::format::{{closure}}
FNDA:0,alloc::fmt::format
FNDA:0,alloc::fmt::format::{{closure}}
FNF:2
FNH:0
BRF:0
BRH:0
DA:629,0
DA:637,0
DA:638,0
LF:3
LH:0
end_of_record
SF:/rustc/becebb3158149a115cad8a402612e25436a7e37b/library/alloc/src/boxed.rs
FN:1239,<alloc::boxed::Box<T,A> as core::ops::drop::Drop>::drop
FN:1239,<alloc::boxed::Box<T,A> as core::ops::drop::Drop>::drop
FN:1239,<alloc::boxed::Box<T,A> as core::ops::drop::Drop>::drop
FN:1239,<alloc::boxed::Box<T,A> as core::ops::drop::Drop>::drop
FN:1239,<alloc::boxed::Box<T,A> as core::ops::drop::Drop>::drop
FN:1239,<alloc::boxed::Box<T,A> as core::ops::drop::Drop>::drop
FN:1239,<alloc::boxed::Box<T,A> as core::ops::drop::Drop>::drop
FN:1239,<alloc::boxed::Box<T,A> as core::ops::drop::Drop>::drop
FN:1239,<alloc::boxed::Box<T,A> as core::ops::drop::Drop>::drop
FN:1239,<alloc::boxed::Box<T,A> as core::ops::drop::Drop>::drop
FNDA:0,<alloc::boxed::Box<T,A> as core::ops::drop::Drop>::drop
FNDA:0,<alloc::boxed::Box<T,A> as core::ops::drop::Drop>::drop
FNDA:0,<alloc::boxed::Box<T,A> as core::ops::drop::Drop>::drop
FNDA:0,<alloc::boxed::Box<T,A> as core::ops::drop::Drop>::drop
FNDA:0,<alloc::boxed::Box<T,A> as core::ops::drop::Drop>::drop
FNDA:0,<alloc::boxed::Box<T,A> as core::ops::drop::Drop>::drop
FNDA:0,<alloc::boxed::Box<T,A> as core::ops::drop::Drop>::drop
FNDA:0,<alloc::boxed::Box<T,A> as core::ops::drop::Drop>::drop
FNDA:0,<alloc::boxed::Box<T,A> as core::ops::drop::Drop>::drop
FNDA:0,<alloc::boxed::Box<T,A> as core::ops::drop::Drop>::drop
FNF:10
FNH:0
BRF:0
BRH:0
DA:1239,0
DA:1242,0
DA:1246,0
DA:1247,0
DA:1250,0
LF:5
LH:0
end_of_record
SF:/rustc/becebb3158149a115cad8a402612e25436a7e37b/library/alloc/src/collections/btree/map.rs
FN:1689,alloc::collections::btree::map::IntoIter<K,V,A>::dying_next
FN:1667,<<alloc::collections::btree::map::IntoIter<K,V,A> as core::ops::drop::Drop>::drop::DropGuard<K,V,A> as core::ops::drop::Drop>::drop
FN:188,<alloc::collections::btree::map::BTreeMap<K,V,A> as core::ops::drop::Drop>::drop
FN:1641,<alloc::collections::btree::map::BTreeMap<K,V,A> as core::iter::traits::collect::IntoIterator>::into_iter
FN:1641,<alloc::collections::btree::map::BTreeMap<K,V,A> as core::iter::traits::collect::IntoIterator>::into_iter
FN:1667,<<alloc::collections::btree::map::IntoIter<K,V,A> as core::ops::drop::Drop>::drop::DropGuard<K,V,A> as core::ops::drop::Drop>::drop
FN:1663,<alloc::collections::btree::map::IntoIter<K,V,A> as core::ops::drop::Drop>::drop
FN:1663,<alloc::collections::btree::map::IntoIter<K,V,A> as core::ops::drop::Drop>::drop
FN:188,<alloc::collections::btree::map::BTreeMap<K,V,A> as core::ops::drop::Drop>::drop
FN:1689,alloc::collections::btree::map::IntoIter<K,V,A>::dying_next
FNDA:0,alloc::collections::btree::map::IntoIter<K,V,A>::dying_next
FNDA:0,<<alloc::collections::btree::map::IntoIter<K,V,A> as core::ops::drop::Drop>::drop::DropGuard<K,V,A> as core::ops::drop::Drop>::drop
FNDA:0,<alloc::collections::btree::map::BTreeMap<K,V,A> as core::ops::drop::Drop>::drop
FNDA:0,<alloc::collections::btree::map::BTreeMap<K,V,A> as core::iter::traits::collect::IntoIterator>::into_iter
FNDA:0,<alloc::collections::btree::map::BTreeMap<K,V,A> as core::iter::traits::collect::IntoIterator>::into_iter
FNDA:0,<<alloc::collections::btree::map::IntoIter<K,V,A> as core::ops::drop::Drop>::drop::DropGuard<K,V,A> as core::ops::drop::Drop>::drop
FNDA:0,<alloc::collections::btree::map::IntoIter<K,V,A> as core::ops::drop::Drop>::drop
FNDA:0,<alloc::collections::btree::map::IntoIter<K,V,A> as core::ops::drop::Drop>::drop
FNDA:0,<alloc::collections::btree::map::BTreeMap<K,V,A> as core::ops::drop::Drop>::drop
FNDA:0,alloc::collections::btree::map::IntoIter<K,V,A>::dying_next
FNF:10
FNH:0
BRF:0
BRH:0
DA:188,0
DA:189,0
DA:190,0
DA:1641,0
DA:1643,0
DA:1646,0
DA:1648,0
DA:1649,0
DA:1652,0
DA:1655,0
DA:1658,0
DA:1663,0
DA:1667,0
DA:1670,0
DA:1672,0
DA:1674,0
DA:1677,0
DA:1678,0
DA:1680,0
DA:1681,0
DA:1682,0
DA:1683,0
DA:1689,0
DA:1692,0
DA:1693,0
DA:1694,0
DA:1696,0
DA:1697,0
DA:1699,0
LF:29
LH:0
end_of_record
SF:/rustc/becebb3158149a115cad8a402612e25436a7e37b/library/alloc/src/collections/btree/mem.rs
FN:20,alloc::collections::btree::mem::replace
FN:20,alloc::collections::btree::mem::replace
FNDA:0,alloc::collections::btree::mem::replace
FNDA:0,alloc::collections::btree::mem::replace
FNF:2
FNH:0
BRF:0
BRH:0
DA:20,0
DA:29,0
DA:35,0
LF:3
LH:0
end_of_record
SF:/rustc/becebb3158149a115cad8a402612e25436a7e37b/library/core/src/fmt/mod.rs
FN:329,core::fmt::Arguments::new_const
FN:339,core::fmt::Arguments::new_v1
FN:2343,<&T as core::fmt::Debug>::fmt
FN:329,core::fmt::Arguments::new_const
FN:2343,<&T as core::fmt::Debug>::fmt
FN:2343,<&T as core::fmt::Display>::fmt
FNDA:0,core::fmt::Arguments::new_const
FNDA:0,core::fmt::Arguments::new_v1
FNDA:0,<&T as core::fmt::Debug>::fmt
FNDA:1,core::fmt::Arguments::new_const
FNDA:0,<&T as core::fmt::Debug>::fmt
FNDA:0,<&T as core::fmt::Display>::fmt
FNF:6
FNH:1
BRF:0
BRH:0
DA:329,4
DA:330,4
DA:331,0
DA:333,4
DA:334,4
DA:339,0
DA:340,0
DA:341,0
DA:343,0
DA:344,0
DA:2343,0
LF:11
LH:4
end_of_record
SF:/rustc/becebb3158149a115cad8a402612e25436a7e37b/library/alloc/src/string.rs
FN:2481,<alloc::string::String as core::ops::deref::Deref>::deref
FNDA:0,<alloc::string::String as core::ops::deref::Deref>::deref
FNF:1
FNH:0
BRF:0
BRH:0
DA:2481,0
DA:2482,0
DA:2483,0
LF:3
LH:0
end_of_record
SF:/rustc/becebb3158149a115cad8a402612e25436a7e37b/library/core/src/result.rs
FN:581,core::result::Result<T,E>::is_err
FN:581,core::result::Result<T,E>::is_err
FNDA:0,core::result::Result<T,E>::is_err
FNDA:0,core::result::Result<T,E>::is_err
FNF:2
FNH:0
BRF:0
BRH:0
DA:581,0
DA:582,0
DA:583,0
LF:3
LH:0
end_of_record
SF:/rustc/becebb3158149a115cad8a402612e25436a7e37b/library/core/src/ptr/const_ptr.rs
FN:805,core::ptr::const_ptr::<impl *const T>::sub_ptr
FNDA:0,core::ptr::const_ptr::<impl *const T>::sub_ptr
FNF:1
FNH:0
BRF:0
BRH:0
DA:805,0
DA:821,0
DA:831,0
DA:833,0
DA:834,0
LF:5
LH:0
end_of_record
SF:/rustc/becebb3158149a115cad8a402612e25436a7e37b/library/alloc/src/raw_vec.rs
FN:581,<alloc::raw_vec::RawVec<T,A> as core::ops::drop::Drop>::drop
FN:299,alloc::raw_vec::RawVec<T,A>::current_memory
FN:299,alloc::raw_vec::RawVec<T,A>::current_memory
FN:299,alloc::raw_vec::RawVec<T,A>::current_memory
FN:299,alloc::raw_vec::RawVec<T,A>::current_memory
FN:464,alloc::raw_vec::RawVec<T,A>::grow_amortized
FN:299,alloc::raw_vec::RawVec<T,A>::current_memory
FN:299,alloc::raw_vec::RawVec<T,A>::current_memory
FN:208,alloc::raw_vec::RawVec<T,A>::try_allocate_in
FN:581,<alloc::raw_vec::RawVec<T,A> as core::ops::drop::Drop>::drop
FN:148,alloc::raw_vec::RawVec<T,A>::new_in
FN:299,alloc::raw_vec::RawVec<T,A>::current_memory
FN:299,alloc::raw_vec::RawVec<T,A>::current_memory
FN:581,<alloc::raw_vec::RawVec<T,A> as core::ops::drop::Drop>::drop
FN:552,alloc::raw_vec::finish_grow
FN:299,alloc::raw_vec::RawVec<T,A>::current_memory
FN:581,<alloc::raw_vec::RawVec<T,A> as core::ops::drop::Drop>::drop
FN:581,<alloc::raw_vec::RawVec<T,A> as core::ops::drop::Drop>::drop
FN:581,<alloc::raw_vec::RawVec<T,A> as core::ops::drop::Drop>::drop
FN:299,alloc::raw_vec::RawVec<T,A>::current_memory
FN:208,alloc::raw_vec::RawVec<T,A>::try_allocate_in
FN:581,<alloc::raw_vec::RawVec<T,A> as core::ops::drop::Drop>::drop
FN:344,alloc::raw_vec::RawVec<T,A>::reserve::do_reserve_and_handle
FN:581,<alloc::raw_vec::RawVec<T,A> as core::ops::drop::Drop>::drop
FN:148,alloc::raw_vec::RawVec<T,A>::new_in
FN:581,<alloc::raw_vec::RawVec<T,A> as core::ops::drop::Drop>::drop
FN:581,<alloc::raw_vec::RawVec<T,A> as core::ops::drop::Drop>::drop
FNDA:0,<alloc::raw_vec::RawVec<T,A> as core::ops::drop::Drop>::drop
FNDA:0,alloc::raw_vec::RawVec<T,A>::current_memory
FNDA:0,alloc::raw_vec::RawVec<T,A>::current_memory
FNDA:0,alloc::raw_vec::RawVec<T,A>::current_memory
FNDA:0,alloc::raw_vec::RawVec<T,A>::current_memory
FNDA:0,alloc::raw_vec::RawVec<T,A>::grow_amortized
FNDA:0,alloc::raw_vec::RawVec<T,A>::current_memory
FNDA:0,alloc::raw_vec::RawVec<T,A>::current_memory
FNDA:0,alloc::raw_vec::RawVec<T,A>::try_allocate_in
FNDA:0,<alloc::raw_vec::RawVec<T,A> as core::ops::drop::Drop>::drop
FNDA:0,alloc::raw_vec::RawVec<T,A>::new_in
FNDA:0,alloc::raw_vec::RawVec<T,A>::current_memory
FNDA:0,alloc::raw_vec::RawVec<T,A>::current_memory
FNDA:0,<alloc::raw_vec::RawVec<T,A> as core::ops::drop::Drop>::drop
FNDA:0,alloc::raw_vec::finish_grow
FNDA:0,alloc::raw_vec::RawVec<T,A>::current_memory
FNDA:0,<alloc::raw_vec::RawVec<T,A> as core::ops::drop::Drop>::drop
FNDA:0,<alloc::raw_vec::RawVec<T,A> as core::ops::drop::Drop>::drop
FNDA:0,<alloc::raw_vec::RawVec<T,A> as core::ops::drop::Drop>::drop
FNDA:0,alloc::raw_vec::RawVec<T,A>::current_memory
FNDA:0,alloc::raw_vec::RawVec<T,A>::try_allocate_in
FNDA:0,<alloc::raw_vec::RawVec<T,A> as core::ops::drop::Drop>::drop
FNDA:0,alloc::raw_vec::RawVec<T,A>::reserve::do_reserve_and_handle
FNDA:0,<alloc::raw_vec::RawVec<T,A> as core::ops::drop::Drop>::drop
FNDA:0,alloc::raw_vec::RawVec<T,A>::new_in
FNDA:0,<alloc::raw_vec::RawVec<T,A> as core::ops::drop::Drop>::drop
FNDA:0,<alloc::raw_vec::RawVec<T,A> as core::ops::drop::Drop>::drop
FNF:27
FNH:0
BRF:0
BRH:0
DA:148,0
DA:150,0
DA:151,0
DA:208,0
DA:215,0
DA:216,0
DA:220,0
DA:221,0
DA:222,0
DA:225,0
DA:229,0
DA:230,0
DA:232,0
DA:234,0
DA:235,0
DA:236,0
DA:242,0
DA:244,0
DA:299,0
DA:300,0
DA:301,0
DA:310,0
DA:312,0
DA:315,0
DA:344,0
DA:349,0
DA:350,0
DA:352,0
DA:464,0
DA:468,0
DA:475,0
DA:479,0
DA:485,0
DA:488,0
DA:489,0
DA:552,0
DA:561,0
DA:563,0
DA:565,0
DA:569,0
DA:570,0
DA:573,0
DA:576,0
DA:577,0
DA:581,0
DA:582,0
DA:583,0
DA:585,0
LF:48
LH:0
end_of_record
SF:/rustc/becebb3158149a115cad8a402612e25436a7e37b/library/core/src/panicking.rs
FN:347,core::panicking::assert_failed
FNDA:0,core::panicking::assert_failed
FNF:1
FNH:0
BRF:0
BRH:0
DA:347,0
DA:357,0
LF:2
LH:0
end_of_record
SF:/rustc/becebb3158149a115cad8a402612e25436a7e37b/library/core/src/cmp.rs
FN:1355,core::cmp::max_by
FN:1480,core::cmp::impls::<impl core::cmp::PartialEq for usize>::eq
FN:1583,core::cmp::impls::<impl core::cmp::Ord for usize>::cmp
FNDA:0,core::cmp::max_by
FNDA:0,core::cmp::impls::<impl core::cmp::PartialEq for usize>::eq
FNDA:0,core::cmp::impls::<impl core::cmp::Ord for usize>::cmp
FNF:3
FNH:0
BRF:0
BRH:0
DA:1355,0
DA:1356,0
DA:1357,0
DA:1358,0
DA:1360,0
DA:1480,0
DA:1583,0
DA:1594,0
DA:1596,0
LF:9
LH:0
end_of_record
SF:/rustc/becebb3158149a115cad8a402612e25436a7e37b/library/std/src/rt.rs
FN:152,std::rt::lang_start
FN:152,std::rt::lang_start
FN:159,std::rt::lang_start::{{closure}}
FN:159,std::rt::lang_start::{{closure}}
FNDA:1,std::rt::lang_start
FNDA:1,std::rt::lang_start
FNDA:1,std::rt::lang_start::{{closure}}
FNDA:1,std::rt::lang_start::{{closure}}
FNF:4
FNH:4
BRF:0
BRH:0
DA:152,8
DA:158,8
DA:159,24
DA:165,8
LF:4
LH:4
end_of_record
SF:/rustc/becebb3158149a115cad8a402612e25436a7e37b/library/core/src/ub_checks.rs
FN:64,<core::ops::index_range::IndexRange as core::slice::index::SliceIndex<[T]>>::get_unchecked_mut::precondition_check
FN:64,<usize as core::slice::index::SliceIndex<[T]>>::get_unchecked::precondition_check
FN:64,core::hint::unreachable_unchecked::precondition_check
FN:114,core::ub_checks::is_aligned_and_not_null
FN:114,core::ub_checks::is_aligned_and_not_null
FN:137,core::ub_checks::is_nonoverlapping::runtime
FN:64,core::intrinsics::write_bytes::precondition_check
FN:64,core::intrinsics::copy_nonoverlapping::precondition_check
FN:137,core::ub_checks::is_nonoverlapping::runtime
FN:64,core::ptr::read_volatile::precondition_check
FN:64,<core::ops::index_range::IndexRange as core::slice::index::SliceIndex<[T]>>::get_unchecked_mut::precondition_check
FN:64,<usize as core::slice::index::SliceIndex<[T]>>::get_unchecked::precondition_check
FN:64,<usize as core::slice::index::SliceIndex<[T]>>::get_unchecked_mut::precondition_check
FN:64,core::ptr::non_null::NonNull<T>::new_unchecked::precondition_check
FN:64,core::ptr::read_volatile::precondition_check
FN:64,core::ptr::non_null::NonNull<T>::new_unchecked::precondition_check
FN:64,<usize as core::slice::index::SliceIndex<[T]>>::get_unchecked_mut::precondition_check
FN:64,core::slice::raw::from_raw_parts::precondition_check
FN:64,core::hint::unreachable_unchecked::precondition_check
FN:64,core::ptr::const_ptr::<impl *const T>::sub_ptr::precondition_check
FN:64,core::hint::assert_unchecked::precondition_check
FN:64,core::intrinsics::copy_nonoverlapping::precondition_check
FN:64,core::ptr::non_null::NonNull<T>::new_unchecked::precondition_check
FNDA:0,<core::ops::index_range::IndexRange as core::slice::index::SliceIndex<[T]>>::get_unchecked_mut::precondition_check
FNDA:0,<usize as core::slice::index::SliceIndex<[T]>>::get_unchecked::precondition_check
FNDA:0,core::hint::unreachable_unchecked::precondition_check
FNDA:0,core::ub_checks::is_aligned_and_not_null
FNDA:0,core::ub_checks::is_aligned_and_not_null
FNDA:0,core::ub_checks::is_nonoverlapping::runtime
FNDA:0,core::intrinsics::write_bytes::precondition_check
FNDA:0,core::intrinsics::copy_nonoverlapping::precondition_check
FNDA:0,core::ub_checks::is_nonoverlapping::runtime
FNDA:0,core::ptr::read_volatile::precondition_check
FNDA:0,<core::ops::index_range::IndexRange as core::slice::index::SliceIndex<[T]>>::get_unchecked_mut::precondition_check
FNDA:0,<usize as core::slice::index::SliceIndex<[T]>>::get_unchecked::precondition_check
FNDA:0,<usize as core::slice::index::SliceIndex<[T]>>::get_unchecked_mut::precondition_check
FNDA:0,core::ptr::non_null::NonNull<T>::new_unchecked::precondition_check
FNDA:0,core::ptr::read_volatile::precondition_check
FNDA:0,core::ptr::non_null::NonNull<T>::new_unchecked::precondition_check
FNDA:0,<usize as core::slice::index::SliceIndex<[T]>>::get_unchecked_mut::precondition_check
FNDA:0,core::slice::raw::from_raw_parts::precondition_check
FNDA:0,core::hint::unreachable_unchecked::precondition_check
FNDA:0,core::ptr::const_ptr::<impl *const T>::sub_ptr::precondition_check
FNDA:0,core::hint::assert_unchecked::precondition_check
FNDA:0,core::intrinsics::copy_nonoverlapping::precondition_check
FNDA:0,core::ptr::non_null::NonNull<T>::new_unchecked::precondition_check
FNF:23
FNH:0
BRF:0
BRH:0
DA:64,0
DA:66,0
DA:70,0
DA:114,0
DA:115,0
DA:116,0
DA:137,0
DA:140,0
DA:141,0
DA:148,0
DA:149,0
LF:11
LH:0
end_of_record
SF:/rustc/becebb3158149a115cad8a402612e25436a7e37b/library/alloc/src/vec/into_iter.rs
FN:427,<alloc::vec::into_iter::IntoIter<T,A> as core::ops::drop::Drop>::drop
FN:431,<<alloc::vec::into_iter::IntoIter<T,A> as core::ops::drop::Drop>::drop::DropGuard<T,A> as core::ops::drop::Drop>::drop
FN:223,<alloc::vec::into_iter::IntoIter<T,A> as core::iter::traits::iterator::Iterator>::size_hint
FN:112,alloc::vec::into_iter::IntoIter<T,A>::as_raw_mut_slice
FNDA:0,<alloc::vec::into_iter::IntoIter<T,A> as core::ops::drop::Drop>::drop
FNDA:0,<<alloc::vec::into_iter::IntoIter<T,A> as core::ops::drop::Drop>::drop::DropGuard<T,A> as core::ops::drop::Drop>::drop
FNDA:0,<alloc::vec::into_iter::IntoIter<T,A> as core::iter::traits::iterator::Iterator>::size_hint
FNDA:0,alloc::vec::into_iter::IntoIter<T,A>::as_raw_mut_slice
FNF:4
FNH:0
BRF:0
BRH:0
DA:112,0
DA:113,0
DA:114,0
DA:223,0
DA:224,0
DA:227,0
DA:229,0
DA:230,0
DA:427,0
DA:431,0
DA:434,0
DA:436,0
DA:438,0
DA:441,0
DA:444,0
DA:447,0
LF:16
LH:0
end_of_record
